{"uuid":"40944d77-31e2-42d8-a5b7-5ba06381b210","historyId":"c9b04295f3d92cb0c7df3bf9deb1df6","testCaseId":"[engine:junit-jupiter]/[class:pw.mlaszczyk.automation.tests.LoginTest]/[method:shouldLoginWithValidCredentials()]","testCaseName":"shouldLoginWithValidCredentials()","fullName":"pw.mlaszczyk.automation.tests.LoginTest.shouldLoginWithValidCredentials","labels":[{"name":"junit.platform.uniqueid","value":"[engine:junit-jupiter]/[class:pw.mlaszczyk.automation.tests.LoginTest]/[method:shouldLoginWithValidCredentials()]"},{"name":"host","value":"Mateusz"},{"name":"thread","value":"14904@Mateusz.main(3)"},{"name":"framework","value":"junit-platform"},{"name":"language","value":"java"},{"name":"package","value":"pw.mlaszczyk.automation.tests.LoginTest"},{"name":"testClass","value":"pw.mlaszczyk.automation.tests.LoginTest"},{"name":"testMethod","value":"shouldLoginWithValidCredentials"},{"name":"suite","value":"pw.mlaszczyk.automation.tests.LoginTest"}],"links":[],"name":"shouldLoginWithValidCredentials()","status":"broken","statusDetails":{"known":false,"muted":false,"flaky":false,"message":"Error {\n  message='url: expected string, got undefined\n  name='Error\n  stack='Error: url: expected string, got undefined\n    at tString (C:\\Users\\mati2\\AppData\\Local\\Temp\\playwright-java-18022621570898105217\\package\\lib\\protocol\\validatorPrimitives.js:58:9)\n    at C:\\Users\\mati2\\AppData\\Local\\Temp\\playwright-java-18022621570898105217\\package\\lib\\protocol\\validatorPrimitives.js:107:21\n    at DispatcherConnection.dispatch (C:\\Users\\mati2\\AppData\\Local\\Temp\\playwright-java-18022621570898105217\\package\\lib\\server\\dispatchers\\dispatcher.js:281:21)\n    at transport.onmessage (C:\\Users\\mati2\\AppData\\Local\\Temp\\playwright-java-18022621570898105217\\package\\lib\\cli\\driver.js:52:57)\n    at Immediate._onImmediate (C:\\Users\\mati2\\AppData\\Local\\Temp\\playwright-java-18022621570898105217\\package\\lib\\protocol\\transport.js:77:34)\n    at process.processImmediate (node:internal/timers:478:21)\n}","trace":"com.microsoft.playwright.PlaywrightException: Error {\n  message='url: expected string, got undefined\n  name='Error\n  stack='Error: url: expected string, got undefined\n    at tString (C:\\Users\\mati2\\AppData\\Local\\Temp\\playwright-java-18022621570898105217\\package\\lib\\protocol\\validatorPrimitives.js:58:9)\n    at C:\\Users\\mati2\\AppData\\Local\\Temp\\playwright-java-18022621570898105217\\package\\lib\\protocol\\validatorPrimitives.js:107:21\n    at DispatcherConnection.dispatch (C:\\Users\\mati2\\AppData\\Local\\Temp\\playwright-java-18022621570898105217\\package\\lib\\server\\dispatchers\\dispatcher.js:281:21)\n    at transport.onmessage (C:\\Users\\mati2\\AppData\\Local\\Temp\\playwright-java-18022621570898105217\\package\\lib\\cli\\driver.js:52:57)\n    at Immediate._onImmediate (C:\\Users\\mati2\\AppData\\Local\\Temp\\playwright-java-18022621570898105217\\package\\lib\\protocol\\transport.js:77:34)\n    at process.processImmediate (node:internal/timers:478:21)\n}\r\n\tat com.microsoft.playwright.impl.WaitableResult.get(WaitableResult.java:56)\r\n\tat com.microsoft.playwright.impl.ChannelOwner.runUntil(ChannelOwner.java:120)\r\n\tat com.microsoft.playwright.impl.Connection.sendMessage(Connection.java:130)\r\n\tat com.microsoft.playwright.impl.ChannelOwner.sendMessage(ChannelOwner.java:106)\r\n\tat com.microsoft.playwright.impl.FrameImpl.navigateImpl(FrameImpl.java:463)\r\n\tat com.microsoft.playwright.impl.PageImpl.lambda$navigate$46(PageImpl.java:927)\r\n\tat com.microsoft.playwright.impl.LoggingSupport.withLogging(LoggingSupport.java:47)\r\n\tat com.microsoft.playwright.impl.ChannelOwner.withLogging(ChannelOwner.java:89)\r\n\tat com.microsoft.playwright.impl.PageImpl.navigate(PageImpl.java:927)\r\n\tat com.microsoft.playwright.impl.PageImpl.navigate(PageImpl.java:42)\r\n\tat com.microsoft.playwright.Page.navigate(Page.java:5530)\r\n\tat pw.mlaszczyk.automation.tests.LoginTest.setup(LoginTest.java:59)\r\n\tat java.base/jdk.internal.reflect.DirectMethodHandleAccessor.invoke(DirectMethodHandleAccessor.java:104)\r\n\tat java.base/java.lang.reflect.Method.invoke(Method.java:565)\r\n\tat org.junit.platform.commons.util.ReflectionUtils.invokeMethod(ReflectionUtils.java:728)\r\n\tat org.junit.jupiter.engine.execution.MethodInvocation.proceed(MethodInvocation.java:60)\r\n\tat org.junit.jupiter.engine.execution.InvocationInterceptorChain$ValidatingInvocation.proceed(InvocationInterceptorChain.java:131)\r\n\tat org.junit.jupiter.engine.extension.TimeoutExtension.intercept(TimeoutExtension.java:156)\r\n\tat org.junit.jupiter.engine.extension.TimeoutExtension.interceptLifecycleMethod(TimeoutExtension.java:128)\r\n\tat org.junit.jupiter.engine.extension.TimeoutExtension.interceptBeforeEachMethod(TimeoutExtension.java:78)\r\n\tat org.junit.jupiter.engine.execution.InterceptingExecutableInvoker$ReflectiveInterceptorCall.lambda$ofVoidMethod$0(InterceptingExecutableInvoker.java:103)\r\n\tat org.junit.jupiter.engine.execution.InterceptingExecutableInvoker.lambda$invoke$0(InterceptingExecutableInvoker.java:93)\r\n\tat org.junit.jupiter.engine.execution.InvocationInterceptorChain$InterceptedInvocation.proceed(InvocationInterceptorChain.java:106)\r\n\tat org.junit.jupiter.engine.execution.InvocationInterceptorChain.proceed(InvocationInterceptorChain.java:64)\r\n\tat org.junit.jupiter.engine.execution.InvocationInterceptorChain.chainAndInvoke(InvocationInterceptorChain.java:45)\r\n\tat org.junit.jupiter.engine.execution.InvocationInterceptorChain.invoke(InvocationInterceptorChain.java:37)\r\n\tat org.junit.jupiter.engine.execution.InterceptingExecutableInvoker.invoke(InterceptingExecutableInvoker.java:92)\r\n\tat org.junit.jupiter.engine.execution.InterceptingExecutableInvoker.invoke(InterceptingExecutableInvoker.java:86)\r\n\tat org.junit.jupiter.engine.descriptor.ClassBasedTestDescriptor.invokeMethodInExtensionContext(ClassBasedTestDescriptor.java:521)\r\n\tat org.junit.jupiter.engine.descriptor.ClassBasedTestDescriptor.lambda$synthesizeBeforeEachMethodAdapter$23(ClassBasedTestDescriptor.java:506)\r\n\tat org.junit.jupiter.engine.descriptor.TestMethodTestDescriptor.lambda$invokeBeforeEachMethods$3(TestMethodTestDescriptor.java:175)\r\n\tat org.junit.jupiter.engine.descriptor.TestMethodTestDescriptor.lambda$invokeBeforeMethodsOrCallbacksUntilExceptionOccurs$6(TestMethodTestDescriptor.java:203)\r\n\tat org.junit.platform.engine.support.hierarchical.ThrowableCollector.execute(ThrowableCollector.java:73)\r\n\tat org.junit.jupiter.engine.descriptor.TestMethodTestDescriptor.invokeBeforeMethodsOrCallbacksUntilExceptionOccurs(TestMethodTestDescriptor.java:203)\r\n\tat org.junit.jupiter.engine.descriptor.TestMethodTestDescriptor.invokeBeforeEachMethods(TestMethodTestDescriptor.java:172)\r\n\tat org.junit.jupiter.engine.descriptor.TestMethodTestDescriptor.execute(TestMethodTestDescriptor.java:135)\r\n\tat org.junit.jupiter.engine.descriptor.TestMethodTestDescriptor.execute(TestMethodTestDescriptor.java:69)\r\n\tat org.junit.platform.engine.support.hierarchical.NodeTestTask.lambda$executeRecursively$6(NodeTestTask.java:151)\r\n\tat org.junit.platform.engine.support.hierarchical.ThrowableCollector.execute(ThrowableCollector.java:73)\r\n\tat org.junit.platform.engine.support.hierarchical.NodeTestTask.lambda$executeRecursively$8(NodeTestTask.java:141)\r\n\tat org.junit.platform.engine.support.hierarchical.Node.around(Node.java:137)\r\n\tat org.junit.platform.engine.support.hierarchical.NodeTestTask.lambda$executeRecursively$9(NodeTestTask.java:139)\r\n\tat org.junit.platform.engine.support.hierarchical.ThrowableCollector.execute(ThrowableCollector.java:73)\r\n\tat org.junit.platform.engine.support.hierarchical.NodeTestTask.executeRecursively(NodeTestTask.java:138)\r\n\tat org.junit.platform.engine.support.hierarchical.NodeTestTask.execute(NodeTestTask.java:95)\r\n\tat java.base/java.util.ArrayList.forEach(ArrayList.java:1604)\r\n\tat org.junit.platform.engine.support.hierarchical.SameThreadHierarchicalTestExecutorService.invokeAll(SameThreadHierarchicalTestExecutorService.java:41)\r\n\tat org.junit.platform.engine.support.hierarchical.NodeTestTask.lambda$executeRecursively$6(NodeTestTask.java:155)\r\n\tat org.junit.platform.engine.support.hierarchical.ThrowableCollector.execute(ThrowableCollector.java:73)\r\n\tat org.junit.platform.engine.support.hierarchical.NodeTestTask.lambda$executeRecursively$8(NodeTestTask.java:141)\r\n\tat org.junit.platform.engine.support.hierarchical.Node.around(Node.java:137)\r\n\tat org.junit.platform.engine.support.hierarchical.NodeTestTask.lambda$executeRecursively$9(NodeTestTask.java:139)\r\n\tat org.junit.platform.engine.support.hierarchical.ThrowableCollector.execute(ThrowableCollector.java:73)\r\n\tat org.junit.platform.engine.support.hierarchical.NodeTestTask.executeRecursively(NodeTestTask.java:138)\r\n\tat org.junit.platform.engine.support.hierarchical.NodeTestTask.execute(NodeTestTask.java:95)\r\n\tat java.base/java.util.ArrayList.forEach(ArrayList.java:1604)\r\n\tat org.junit.platform.engine.support.hierarchical.SameThreadHierarchicalTestExecutorService.invokeAll(SameThreadHierarchicalTestExecutorService.java:41)\r\n\tat org.junit.platform.engine.support.hierarchical.NodeTestTask.lambda$executeRecursively$6(NodeTestTask.java:155)\r\n\tat org.junit.platform.engine.support.hierarchical.ThrowableCollector.execute(ThrowableCollector.java:73)\r\n\tat org.junit.platform.engine.support.hierarchical.NodeTestTask.lambda$executeRecursively$8(NodeTestTask.java:141)\r\n\tat org.junit.platform.engine.support.hierarchical.Node.around(Node.java:137)\r\n\tat org.junit.platform.engine.support.hierarchical.NodeTestTask.lambda$executeRecursively$9(NodeTestTask.java:139)\r\n\tat org.junit.platform.engine.support.hierarchical.ThrowableCollector.execute(ThrowableCollector.java:73)\r\n\tat org.junit.platform.engine.support.hierarchical.NodeTestTask.executeRecursively(NodeTestTask.java:138)\r\n\tat org.junit.platform.engine.support.hierarchical.NodeTestTask.execute(NodeTestTask.java:95)\r\n\tat org.junit.platform.engine.support.hierarchical.SameThreadHierarchicalTestExecutorService.submit(SameThreadHierarchicalTestExecutorService.java:35)\r\n\tat org.junit.platform.engine.support.hierarchical.HierarchicalTestExecutor.execute(HierarchicalTestExecutor.java:57)\r\n\tat org.junit.platform.engine.support.hierarchical.HierarchicalTestEngine.execute(HierarchicalTestEngine.java:54)\r\n\tat org.junit.platform.launcher.core.EngineExecutionOrchestrator.execute(EngineExecutionOrchestrator.java:107)\r\n\tat org.junit.platform.launcher.core.EngineExecutionOrchestrator.execute(EngineExecutionOrchestrator.java:88)\r\n\tat org.junit.platform.launcher.core.EngineExecutionOrchestrator.lambda$execute$0(EngineExecutionOrchestrator.java:54)\r\n\tat org.junit.platform.launcher.core.EngineExecutionOrchestrator.withInterceptedStreams(EngineExecutionOrchestrator.java:67)\r\n\tat org.junit.platform.launcher.core.EngineExecutionOrchestrator.execute(EngineExecutionOrchestrator.java:52)\r\n\tat org.junit.platform.launcher.core.DefaultLauncher.execute(DefaultLauncher.java:114)\r\n\tat org.junit.platform.launcher.core.DefaultLauncher.execute(DefaultLauncher.java:86)\r\n\tat org.junit.platform.launcher.core.DefaultLauncherSession$DelegatingLauncher.execute(DefaultLauncherSession.java:86)\r\n\tat org.junit.platform.launcher.core.SessionPerRequestLauncher.execute(SessionPerRequestLauncher.java:53)\r\n\tat com.intellij.junit5.JUnit5IdeaTestRunner.startRunnerWithArgs(JUnit5IdeaTestRunner.java:66)\r\n\tat com.intellij.rt.junit.IdeaTestRunner$Repeater$1.execute(IdeaTestRunner.java:38)\r\n\tat com.intellij.rt.execution.junit.TestsRepeater.repeat(TestsRepeater.java:11)\r\n\tat com.intellij.rt.junit.IdeaTestRunner$Repeater.startRunnerWithArgs(IdeaTestRunner.java:35)\r\n\tat com.intellij.rt.junit.JUnitStarter.prepareStreamsAndStart(JUnitStarter.java:231)\r\n\tat com.intellij.rt.junit.JUnitStarter.main(JUnitStarter.java:55)\r\nCaused by: com.microsoft.playwright.impl.DriverException: Error {\n  message='url: expected string, got undefined\n  name='Error\n  stack='Error: url: expected string, got undefined\n    at tString (C:\\Users\\mati2\\AppData\\Local\\Temp\\playwright-java-18022621570898105217\\package\\lib\\protocol\\validatorPrimitives.js:58:9)\n    at C:\\Users\\mati2\\AppData\\Local\\Temp\\playwright-java-18022621570898105217\\package\\lib\\protocol\\validatorPrimitives.js:107:21\n    at DispatcherConnection.dispatch (C:\\Users\\mati2\\AppData\\Local\\Temp\\playwright-java-18022621570898105217\\package\\lib\\server\\dispatchers\\dispatcher.js:281:21)\n    at transport.onmessage (C:\\Users\\mati2\\AppData\\Local\\Temp\\playwright-java-18022621570898105217\\package\\lib\\cli\\driver.js:52:57)\n    at Immediate._onImmediate (C:\\Users\\mati2\\AppData\\Local\\Temp\\playwright-java-18022621570898105217\\package\\lib\\protocol\\transport.js:77:34)\n    at process.processImmediate (node:internal/timers:478:21)\n}\r\n\tat com.microsoft.playwright.impl.Connection.dispatch(Connection.java:259)\r\n\tat com.microsoft.playwright.impl.Connection.processOneMessage(Connection.java:211)\r\n\tat com.microsoft.playwright.impl.ChannelOwner.runUntil(ChannelOwner.java:118)\r\n\t... 81 more\r\n"},"stage":"finished","description":"","steps":[],"attachments":[],"parameters":[],"start":1754486369038,"stop":1754486369246}