{"uuid":"cbbec3cf-435e-4299-91c5-d092451212d4","historyId":"72f5c50f019db445056cb26f6e736050","testCaseId":"[engine:junit-jupiter]/[class:pw.mlaszczyk.automation.tests.addItemToCart]/[method:addItemToCartAndVerifyCartQty()]","testCaseName":"addItemToCartAndVerifyCartQty()","fullName":"pw.mlaszczyk.automation.tests.addItemToCart.addItemToCartAndVerifyCartQty","labels":[{"name":"junit.platform.uniqueid","value":"[engine:junit-jupiter]/[class:pw.mlaszczyk.automation.tests.addItemToCart]/[method:addItemToCartAndVerifyCartQty()]"},{"name":"host","value":"Mateusz"},{"name":"thread","value":"25984@Mateusz.main(3)"},{"name":"framework","value":"junit-platform"},{"name":"language","value":"java"},{"name":"package","value":"pw.mlaszczyk.automation.tests.addItemToCart"},{"name":"testClass","value":"pw.mlaszczyk.automation.tests.addItemToCart"},{"name":"testMethod","value":"addItemToCartAndVerifyCartQty"},{"name":"suite","value":"pw.mlaszczyk.automation.tests.addItemToCart"}],"links":[],"name":"addItemToCartAndVerifyCartQty()","status":"broken","statusDetails":{"known":false,"muted":false,"flaky":false,"message":"Error {\n  message='Page closed\n=========================== logs ===========================\nwaiting for locator(\"button[data-test='add-to-cart-sauce-labs-fleece-jacket']\")\n============================================================\n  name='Error\n  stack='Error: Page closed\n=========================== logs ===========================\nwaiting for locator(\"button[data-test='add-to-cart-sauce-labs-fleece-jacket']\")\n============================================================\n    at LongStandingScope._race (C:\\Users\\mati2\\AppData\\Local\\Temp\\playwright-java-13633230796049536771\\package\\lib\\utils\\manualPromise.js:96:51)\n    at LongStandingScope.race (C:\\Users\\mati2\\AppData\\Local\\Temp\\playwright-java-13633230796049536771\\package\\lib\\utils\\manualPromise.js:87:17)\n    at C:\\Users\\mati2\\AppData\\Local\\Temp\\playwright-java-13633230796049536771\\package\\lib\\utils\\manualPromise.js:84:43\n    at Array.map (<anonymous>)\n    at LongStandingScope.raceMultiple (C:\\Users\\mati2\\AppData\\Local\\Temp\\playwright-java-13633230796049536771\\package\\lib\\utils\\manualPromise.js:84:32)\n    at Frame.retryWithProgressAndTimeouts (C:\\Users\\mati2\\AppData\\Local\\Temp\\playwright-java-13633230796049536771\\package\\lib\\server\\frames.js:907:40)\n    at async C:\\Users\\mati2\\AppData\\Local\\Temp\\playwright-java-13633230796049536771\\package\\lib\\server\\frames.js:995:29\n    at async ProgressController.run (C:\\Users\\mati2\\AppData\\Local\\Temp\\playwright-java-13633230796049536771\\package\\lib\\server\\progress.js:92:22)\n    at async FrameDispatcher.click (C:\\Users\\mati2\\AppData\\Local\\Temp\\playwright-java-13633230796049536771\\package\\lib\\server\\dispatchers\\frameDispatcher.js:154:12)\n    at async DispatcherConnection.dispatch (C:\\Users\\mati2\\AppData\\Local\\Temp\\playwright-java-13633230796049536771\\package\\lib\\server\\dispatchers\\dispatcher.js:313:22)\n}","trace":"com.microsoft.playwright.PlaywrightException: Error {\n  message='Page closed\n=========================== logs ===========================\nwaiting for locator(\"button[data-test='add-to-cart-sauce-labs-fleece-jacket']\")\n============================================================\n  name='Error\n  stack='Error: Page closed\n=========================== logs ===========================\nwaiting for locator(\"button[data-test='add-to-cart-sauce-labs-fleece-jacket']\")\n============================================================\n    at LongStandingScope._race (C:\\Users\\mati2\\AppData\\Local\\Temp\\playwright-java-13633230796049536771\\package\\lib\\utils\\manualPromise.js:96:51)\n    at LongStandingScope.race (C:\\Users\\mati2\\AppData\\Local\\Temp\\playwright-java-13633230796049536771\\package\\lib\\utils\\manualPromise.js:87:17)\n    at C:\\Users\\mati2\\AppData\\Local\\Temp\\playwright-java-13633230796049536771\\package\\lib\\utils\\manualPromise.js:84:43\n    at Array.map (<anonymous>)\n    at LongStandingScope.raceMultiple (C:\\Users\\mati2\\AppData\\Local\\Temp\\playwright-java-13633230796049536771\\package\\lib\\utils\\manualPromise.js:84:32)\n    at Frame.retryWithProgressAndTimeouts (C:\\Users\\mati2\\AppData\\Local\\Temp\\playwright-java-13633230796049536771\\package\\lib\\server\\frames.js:907:40)\n    at async C:\\Users\\mati2\\AppData\\Local\\Temp\\playwright-java-13633230796049536771\\package\\lib\\server\\frames.js:995:29\n    at async ProgressController.run (C:\\Users\\mati2\\AppData\\Local\\Temp\\playwright-java-13633230796049536771\\package\\lib\\server\\progress.js:92:22)\n    at async FrameDispatcher.click (C:\\Users\\mati2\\AppData\\Local\\Temp\\playwright-java-13633230796049536771\\package\\lib\\server\\dispatchers\\frameDispatcher.js:154:12)\n    at async DispatcherConnection.dispatch (C:\\Users\\mati2\\AppData\\Local\\Temp\\playwright-java-13633230796049536771\\package\\lib\\server\\dispatchers\\dispatcher.js:313:22)\n}\r\n\tat com.microsoft.playwright.impl.WaitableResult.get(WaitableResult.java:54)\r\n\tat com.microsoft.playwright.impl.ChannelOwner.runUntil(ChannelOwner.java:111)\r\n\tat com.microsoft.playwright.impl.Connection.sendMessage(Connection.java:126)\r\n\tat com.microsoft.playwright.impl.ChannelOwner.sendMessage(ChannelOwner.java:102)\r\n\tat com.microsoft.playwright.impl.FrameImpl.clickImpl(FrameImpl.java:252)\r\n\tat com.microsoft.playwright.impl.FrameImpl.lambda$click$8(FrameImpl.java:243)\r\n\tat com.microsoft.playwright.impl.LoggingSupport.lambda$withLogging$0(LoggingSupport.java:36)\r\n\tat com.microsoft.playwright.impl.LoggingSupport.withLogging(LoggingSupport.java:47)\r\n\tat com.microsoft.playwright.impl.ChannelOwner.withLogging(ChannelOwner.java:87)\r\n\tat com.microsoft.playwright.impl.LoggingSupport.withLogging(LoggingSupport.java:35)\r\n\tat com.microsoft.playwright.impl.FrameImpl.click(FrameImpl.java:243)\r\n\tat com.microsoft.playwright.impl.LocatorImpl.click(LocatorImpl.java:140)\r\n\tat com.microsoft.playwright.Locator.click(Locator.java:2341)\r\n\tat pw.mlaszczyk.automation.pages.pages.productPage.addItemToCartAndVerify(productPage.java:124)\r\n\tat pw.mlaszczyk.automation.tests.addItemToCart.addItemToCartAndVerifyCartQty(addItemToCart.java:63)\r\n\tat java.base/jdk.internal.reflect.DirectMethodHandleAccessor.invoke(DirectMethodHandleAccessor.java:104)\r\n\tat java.base/java.lang.reflect.Method.invoke(Method.java:565)\r\n\tat org.junit.platform.commons.util.ReflectionUtils.invokeMethod(ReflectionUtils.java:727)\r\n\tat org.junit.jupiter.engine.execution.MethodInvocation.proceed(MethodInvocation.java:60)\r\n\tat org.junit.jupiter.engine.execution.InvocationInterceptorChain$ValidatingInvocation.proceed(InvocationInterceptorChain.java:131)\r\n\tat org.junit.jupiter.engine.extension.TimeoutExtension.intercept(TimeoutExtension.java:156)\r\n\tat org.junit.jupiter.engine.extension.TimeoutExtension.interceptTestableMethod(TimeoutExtension.java:147)\r\n\tat org.junit.jupiter.engine.extension.TimeoutExtension.interceptTestMethod(TimeoutExtension.java:86)\r\n\tat org.junit.jupiter.engine.execution.InterceptingExecutableInvoker$ReflectiveInterceptorCall.lambda$ofVoidMethod$0(InterceptingExecutableInvoker.java:103)\r\n\tat org.junit.jupiter.engine.execution.InterceptingExecutableInvoker.lambda$invoke$0(InterceptingExecutableInvoker.java:93)\r\n\tat org.junit.jupiter.engine.execution.InvocationInterceptorChain$InterceptedInvocation.proceed(InvocationInterceptorChain.java:106)\r\n\tat org.junit.jupiter.engine.execution.InvocationInterceptorChain.proceed(InvocationInterceptorChain.java:64)\r\n\tat org.junit.jupiter.engine.execution.InvocationInterceptorChain.chainAndInvoke(InvocationInterceptorChain.java:45)\r\n\tat org.junit.jupiter.engine.execution.InvocationInterceptorChain.invoke(InvocationInterceptorChain.java:37)\r\n\tat org.junit.jupiter.engine.execution.InterceptingExecutableInvoker.invoke(InterceptingExecutableInvoker.java:92)\r\n\tat org.junit.jupiter.engine.execution.InterceptingExecutableInvoker.invoke(InterceptingExecutableInvoker.java:86)\r\n\tat org.junit.jupiter.engine.descriptor.TestMethodTestDescriptor.lambda$invokeTestMethod$7(TestMethodTestDescriptor.java:217)\r\n\tat org.junit.platform.engine.support.hierarchical.ThrowableCollector.execute(ThrowableCollector.java:73)\r\n\tat org.junit.jupiter.engine.descriptor.TestMethodTestDescriptor.invokeTestMethod(TestMethodTestDescriptor.java:213)\r\n\tat org.junit.jupiter.engine.descriptor.TestMethodTestDescriptor.execute(TestMethodTestDescriptor.java:138)\r\n\tat org.junit.jupiter.engine.descriptor.TestMethodTestDescriptor.execute(TestMethodTestDescriptor.java:68)\r\n\tat org.junit.platform.engine.support.hierarchical.NodeTestTask.lambda$executeRecursively$6(NodeTestTask.java:151)\r\n\tat org.junit.platform.engine.support.hierarchical.ThrowableCollector.execute(ThrowableCollector.java:73)\r\n\tat org.junit.platform.engine.support.hierarchical.NodeTestTask.lambda$executeRecursively$8(NodeTestTask.java:141)\r\n\tat org.junit.platform.engine.support.hierarchical.Node.around(Node.java:137)\r\n\tat org.junit.platform.engine.support.hierarchical.NodeTestTask.lambda$executeRecursively$9(NodeTestTask.java:139)\r\n\tat org.junit.platform.engine.support.hierarchical.ThrowableCollector.execute(ThrowableCollector.java:73)\r\n\tat org.junit.platform.engine.support.hierarchical.NodeTestTask.executeRecursively(NodeTestTask.java:138)\r\n\tat org.junit.platform.engine.support.hierarchical.NodeTestTask.execute(NodeTestTask.java:95)\r\n\tat java.base/java.util.ArrayList.forEach(ArrayList.java:1604)\r\n\tat org.junit.platform.engine.support.hierarchical.SameThreadHierarchicalTestExecutorService.invokeAll(SameThreadHierarchicalTestExecutorService.java:41)\r\n\tat org.junit.platform.engine.support.hierarchical.NodeTestTask.lambda$executeRecursively$6(NodeTestTask.java:155)\r\n\tat org.junit.platform.engine.support.hierarchical.ThrowableCollector.execute(ThrowableCollector.java:73)\r\n\tat org.junit.platform.engine.support.hierarchical.NodeTestTask.lambda$executeRecursively$8(NodeTestTask.java:141)\r\n\tat org.junit.platform.engine.support.hierarchical.Node.around(Node.java:137)\r\n\tat org.junit.platform.engine.support.hierarchical.NodeTestTask.lambda$executeRecursively$9(NodeTestTask.java:139)\r\n\tat org.junit.platform.engine.support.hierarchical.ThrowableCollector.execute(ThrowableCollector.java:73)\r\n\tat org.junit.platform.engine.support.hierarchical.NodeTestTask.executeRecursively(NodeTestTask.java:138)\r\n\tat org.junit.platform.engine.support.hierarchical.NodeTestTask.execute(NodeTestTask.java:95)\r\n\tat java.base/java.util.ArrayList.forEach(ArrayList.java:1604)\r\n\tat org.junit.platform.engine.support.hierarchical.SameThreadHierarchicalTestExecutorService.invokeAll(SameThreadHierarchicalTestExecutorService.java:41)\r\n\tat org.junit.platform.engine.support.hierarchical.NodeTestTask.lambda$executeRecursively$6(NodeTestTask.java:155)\r\n\tat org.junit.platform.engine.support.hierarchical.ThrowableCollector.execute(ThrowableCollector.java:73)\r\n\tat org.junit.platform.engine.support.hierarchical.NodeTestTask.lambda$executeRecursively$8(NodeTestTask.java:141)\r\n\tat org.junit.platform.engine.support.hierarchical.Node.around(Node.java:137)\r\n\tat org.junit.platform.engine.support.hierarchical.NodeTestTask.lambda$executeRecursively$9(NodeTestTask.java:139)\r\n\tat org.junit.platform.engine.support.hierarchical.ThrowableCollector.execute(ThrowableCollector.java:73)\r\n\tat org.junit.platform.engine.support.hierarchical.NodeTestTask.executeRecursively(NodeTestTask.java:138)\r\n\tat org.junit.platform.engine.support.hierarchical.NodeTestTask.execute(NodeTestTask.java:95)\r\n\tat org.junit.platform.engine.support.hierarchical.SameThreadHierarchicalTestExecutorService.submit(SameThreadHierarchicalTestExecutorService.java:35)\r\n\tat org.junit.platform.engine.support.hierarchical.HierarchicalTestExecutor.execute(HierarchicalTestExecutor.java:57)\r\n\tat org.junit.platform.engine.support.hierarchical.HierarchicalTestEngine.execute(HierarchicalTestEngine.java:54)\r\n\tat org.junit.platform.launcher.core.EngineExecutionOrchestrator.execute(EngineExecutionOrchestrator.java:147)\r\n\tat org.junit.platform.launcher.core.EngineExecutionOrchestrator.execute(EngineExecutionOrchestrator.java:127)\r\n\tat org.junit.platform.launcher.core.EngineExecutionOrchestrator.execute(EngineExecutionOrchestrator.java:90)\r\n\tat org.junit.platform.launcher.core.EngineExecutionOrchestrator.lambda$execute$0(EngineExecutionOrchestrator.java:55)\r\n\tat org.junit.platform.launcher.core.EngineExecutionOrchestrator.withInterceptedStreams(EngineExecutionOrchestrator.java:102)\r\n\tat org.junit.platform.launcher.core.EngineExecutionOrchestrator.execute(EngineExecutionOrchestrator.java:54)\r\n\tat org.junit.platform.launcher.core.DefaultLauncher.execute(DefaultLauncher.java:114)\r\n\tat org.junit.platform.launcher.core.DefaultLauncher.execute(DefaultLauncher.java:86)\r\n\tat org.junit.platform.launcher.core.DefaultLauncherSession$DelegatingLauncher.execute(DefaultLauncherSession.java:86)\r\n\tat org.junit.platform.launcher.core.SessionPerRequestLauncher.execute(SessionPerRequestLauncher.java:53)\r\n\tat com.intellij.junit5.JUnit5IdeaTestRunner.startRunnerWithArgs(JUnit5IdeaTestRunner.java:66)\r\n\tat com.intellij.rt.junit.IdeaTestRunner$Repeater$1.execute(IdeaTestRunner.java:38)\r\n\tat com.intellij.rt.execution.junit.TestsRepeater.repeat(TestsRepeater.java:11)\r\n\tat com.intellij.rt.junit.IdeaTestRunner$Repeater.startRunnerWithArgs(IdeaTestRunner.java:35)\r\n\tat com.intellij.rt.junit.JUnitStarter.prepareStreamsAndStart(JUnitStarter.java:231)\r\n\tat com.intellij.rt.junit.JUnitStarter.main(JUnitStarter.java:55)\r\nCaused by: com.microsoft.playwright.impl.DriverException: Error {\n  message='Page closed\n=========================== logs ===========================\nwaiting for locator(\"button[data-test='add-to-cart-sauce-labs-fleece-jacket']\")\n============================================================\n  name='Error\n  stack='Error: Page closed\n=========================== logs ===========================\nwaiting for locator(\"button[data-test='add-to-cart-sauce-labs-fleece-jacket']\")\n============================================================\n    at LongStandingScope._race (C:\\Users\\mati2\\AppData\\Local\\Temp\\playwright-java-13633230796049536771\\package\\lib\\utils\\manualPromise.js:96:51)\n    at LongStandingScope.race (C:\\Users\\mati2\\AppData\\Local\\Temp\\playwright-java-13633230796049536771\\package\\lib\\utils\\manualPromise.js:87:17)\n    at C:\\Users\\mati2\\AppData\\Local\\Temp\\playwright-java-13633230796049536771\\package\\lib\\utils\\manualPromise.js:84:43\n    at Array.map (<anonymous>)\n    at LongStandingScope.raceMultiple (C:\\Users\\mati2\\AppData\\Local\\Temp\\playwright-java-13633230796049536771\\package\\lib\\utils\\manualPromise.js:84:32)\n    at Frame.retryWithProgressAndTimeouts (C:\\Users\\mati2\\AppData\\Local\\Temp\\playwright-java-13633230796049536771\\package\\lib\\server\\frames.js:907:40)\n    at async C:\\Users\\mati2\\AppData\\Local\\Temp\\playwright-java-13633230796049536771\\package\\lib\\server\\frames.js:995:29\n    at async ProgressController.run (C:\\Users\\mati2\\AppData\\Local\\Temp\\playwright-java-13633230796049536771\\package\\lib\\server\\progress.js:92:22)\n    at async FrameDispatcher.click (C:\\Users\\mati2\\AppData\\Local\\Temp\\playwright-java-13633230796049536771\\package\\lib\\server\\dispatchers\\frameDispatcher.js:154:12)\n    at async DispatcherConnection.dispatch (C:\\Users\\mati2\\AppData\\Local\\Temp\\playwright-java-13633230796049536771\\package\\lib\\server\\dispatchers\\dispatcher.js:313:22)\n}\r\n\tat com.microsoft.playwright.impl.Connection.dispatch(Connection.java:226)\r\n\tat com.microsoft.playwright.impl.Connection.processOneMessage(Connection.java:206)\r\n\tat com.microsoft.playwright.impl.ChannelOwner.runUntil(ChannelOwner.java:109)\r\n\t... 81 more\r\n"},"stage":"finished","description":"","steps":[],"attachments":[],"parameters":[],"start":1754584243346,"stop":1754584257298}