{"uuid":"e304acbd-e878-4591-a98e-8be178c98faa","historyId":"b244330b76ae576cb661621ca01e2726","testCaseId":"[engine:junit-jupiter]/[class:pw.mlaszczyk.automation.tests.DropDownTest]/[method:shouldSelectOptionsCorrectlyFromDropdowns()]","testCaseName":"shouldSelectOptionsCorrectlyFromDropdowns()","fullName":"pw.mlaszczyk.automation.tests.DropDownTest.shouldSelectOptionsCorrectlyFromDropdowns","labels":[{"name":"junit.platform.uniqueid","value":"[engine:junit-jupiter]/[class:pw.mlaszczyk.automation.tests.DropDownTest]/[method:shouldSelectOptionsCorrectlyFromDropdowns()]"},{"name":"host","value":"Mateusz"},{"name":"thread","value":"8696@Mateusz.main(3)"},{"name":"framework","value":"junit-platform"},{"name":"language","value":"java"},{"name":"package","value":"pw.mlaszczyk.automation.tests.DropDownTest"},{"name":"testClass","value":"pw.mlaszczyk.automation.tests.DropDownTest"},{"name":"testMethod","value":"shouldSelectOptionsCorrectlyFromDropdowns"},{"name":"suite","value":"pw.mlaszczyk.automation.tests.DropDownTest"}],"links":[],"name":"shouldSelectOptionsCorrectlyFromDropdowns()","status":"broken","statusDetails":{"known":false,"muted":false,"flaky":false,"message":"Error {\n  message='net::ERR_ABORTED; maybe frame was detached?\n  name='Error\n  stack='Error: net::ERR_ABORTED; maybe frame was detached?\n    at FrameManager.frameAbortedNavigation (C:\\Users\\mati2\\AppData\\Local\\Temp\\playwright-java-6462207781710147394\\package\\lib\\server\\frames.js:216:14)\n    at FrameManager.requestFailed (C:\\Users\\mati2\\AppData\\Local\\Temp\\playwright-java-6462207781710147394\\package\\lib\\server\\frames.js:276:12)\n    at CRNetworkManager._onLoadingFailed (C:\\Users\\mati2\\AppData\\Local\\Temp\\playwright-java-6462207781710147394\\package\\lib\\server\\chromium\\crNetworkManager.js:511:134)\n    at CRSession.emit (node:events:518:28)\n    at C:\\Users\\mati2\\AppData\\Local\\Temp\\playwright-java-6462207781710147394\\package\\lib\\server\\chromium\\crConnection.js:160:14\n}\nCall log:\n- navigating to \"https://practice.expandtesting.com/dropdown\", waiting until \"load\"\n","trace":"com.microsoft.playwright.PlaywrightException: Error {\n  message='net::ERR_ABORTED; maybe frame was detached?\n  name='Error\n  stack='Error: net::ERR_ABORTED; maybe frame was detached?\n    at FrameManager.frameAbortedNavigation (C:\\Users\\mati2\\AppData\\Local\\Temp\\playwright-java-6462207781710147394\\package\\lib\\server\\frames.js:216:14)\n    at FrameManager.requestFailed (C:\\Users\\mati2\\AppData\\Local\\Temp\\playwright-java-6462207781710147394\\package\\lib\\server\\frames.js:276:12)\n    at CRNetworkManager._onLoadingFailed (C:\\Users\\mati2\\AppData\\Local\\Temp\\playwright-java-6462207781710147394\\package\\lib\\server\\chromium\\crNetworkManager.js:511:134)\n    at CRSession.emit (node:events:518:28)\n    at C:\\Users\\mati2\\AppData\\Local\\Temp\\playwright-java-6462207781710147394\\package\\lib\\server\\chromium\\crConnection.js:160:14\n}\nCall log:\n- navigating to \"https://practice.expandtesting.com/dropdown\", waiting until \"load\"\n\r\n\tat com.microsoft.playwright.impl.WaitableResult.get(WaitableResult.java:56)\r\n\tat com.microsoft.playwright.impl.ChannelOwner.runUntil(ChannelOwner.java:120)\r\n\tat com.microsoft.playwright.impl.Connection.sendMessage(Connection.java:130)\r\n\tat com.microsoft.playwright.impl.ChannelOwner.sendMessage(ChannelOwner.java:106)\r\n\tat com.microsoft.playwright.impl.FrameImpl.navigateImpl(FrameImpl.java:463)\r\n\tat com.microsoft.playwright.impl.PageImpl.lambda$navigate$46(PageImpl.java:927)\r\n\tat com.microsoft.playwright.impl.LoggingSupport.withLogging(LoggingSupport.java:47)\r\n\tat com.microsoft.playwright.impl.ChannelOwner.withLogging(ChannelOwner.java:89)\r\n\tat com.microsoft.playwright.impl.PageImpl.navigate(PageImpl.java:927)\r\n\tat com.microsoft.playwright.impl.PageImpl.navigate(PageImpl.java:42)\r\n\tat com.microsoft.playwright.Page.navigate(Page.java:5530)\r\n\tat pw.mlaszczyk.automation.tests.DropDownTest.setup(DropDownTest.java:29)\r\n\tat java.base/jdk.internal.reflect.DirectMethodHandleAccessor.invoke(DirectMethodHandleAccessor.java:104)\r\n\tat java.base/java.lang.reflect.Method.invoke(Method.java:565)\r\n\tat org.junit.platform.commons.util.ReflectionUtils.invokeMethod(ReflectionUtils.java:728)\r\n\tat org.junit.jupiter.engine.execution.MethodInvocation.proceed(MethodInvocation.java:60)\r\n\tat org.junit.jupiter.engine.execution.InvocationInterceptorChain$ValidatingInvocation.proceed(InvocationInterceptorChain.java:131)\r\n\tat org.junit.jupiter.engine.extension.TimeoutExtension.intercept(TimeoutExtension.java:156)\r\n\tat org.junit.jupiter.engine.extension.TimeoutExtension.interceptLifecycleMethod(TimeoutExtension.java:128)\r\n\tat org.junit.jupiter.engine.extension.TimeoutExtension.interceptBeforeEachMethod(TimeoutExtension.java:78)\r\n\tat org.junit.jupiter.engine.execution.InterceptingExecutableInvoker$ReflectiveInterceptorCall.lambda$ofVoidMethod$0(InterceptingExecutableInvoker.java:103)\r\n\tat org.junit.jupiter.engine.execution.InterceptingExecutableInvoker.lambda$invoke$0(InterceptingExecutableInvoker.java:93)\r\n\tat org.junit.jupiter.engine.execution.InvocationInterceptorChain$InterceptedInvocation.proceed(InvocationInterceptorChain.java:106)\r\n\tat org.junit.jupiter.engine.execution.InvocationInterceptorChain.proceed(InvocationInterceptorChain.java:64)\r\n\tat org.junit.jupiter.engine.execution.InvocationInterceptorChain.chainAndInvoke(InvocationInterceptorChain.java:45)\r\n\tat org.junit.jupiter.engine.execution.InvocationInterceptorChain.invoke(InvocationInterceptorChain.java:37)\r\n\tat org.junit.jupiter.engine.execution.InterceptingExecutableInvoker.invoke(InterceptingExecutableInvoker.java:92)\r\n\tat org.junit.jupiter.engine.execution.InterceptingExecutableInvoker.invoke(InterceptingExecutableInvoker.java:86)\r\n\tat org.junit.jupiter.engine.descriptor.ClassBasedTestDescriptor.invokeMethodInExtensionContext(ClassBasedTestDescriptor.java:521)\r\n\tat org.junit.jupiter.engine.descriptor.ClassBasedTestDescriptor.lambda$synthesizeBeforeEachMethodAdapter$23(ClassBasedTestDescriptor.java:506)\r\n\tat org.junit.jupiter.engine.descriptor.TestMethodTestDescriptor.lambda$invokeBeforeEachMethods$3(TestMethodTestDescriptor.java:175)\r\n\tat org.junit.jupiter.engine.descriptor.TestMethodTestDescriptor.lambda$invokeBeforeMethodsOrCallbacksUntilExceptionOccurs$6(TestMethodTestDescriptor.java:203)\r\n\tat org.junit.platform.engine.support.hierarchical.ThrowableCollector.execute(ThrowableCollector.java:73)\r\n\tat org.junit.jupiter.engine.descriptor.TestMethodTestDescriptor.invokeBeforeMethodsOrCallbacksUntilExceptionOccurs(TestMethodTestDescriptor.java:203)\r\n\tat org.junit.jupiter.engine.descriptor.TestMethodTestDescriptor.invokeBeforeEachMethods(TestMethodTestDescriptor.java:172)\r\n\tat org.junit.jupiter.engine.descriptor.TestMethodTestDescriptor.execute(TestMethodTestDescriptor.java:135)\r\n\tat org.junit.jupiter.engine.descriptor.TestMethodTestDescriptor.execute(TestMethodTestDescriptor.java:69)\r\n\tat org.junit.platform.engine.support.hierarchical.NodeTestTask.lambda$executeRecursively$6(NodeTestTask.java:151)\r\n\tat org.junit.platform.engine.support.hierarchical.ThrowableCollector.execute(ThrowableCollector.java:73)\r\n\tat org.junit.platform.engine.support.hierarchical.NodeTestTask.lambda$executeRecursively$8(NodeTestTask.java:141)\r\n\tat org.junit.platform.engine.support.hierarchical.Node.around(Node.java:137)\r\n\tat org.junit.platform.engine.support.hierarchical.NodeTestTask.lambda$executeRecursively$9(NodeTestTask.java:139)\r\n\tat org.junit.platform.engine.support.hierarchical.ThrowableCollector.execute(ThrowableCollector.java:73)\r\n\tat org.junit.platform.engine.support.hierarchical.NodeTestTask.executeRecursively(NodeTestTask.java:138)\r\n\tat org.junit.platform.engine.support.hierarchical.NodeTestTask.execute(NodeTestTask.java:95)\r\n\tat java.base/java.util.ArrayList.forEach(ArrayList.java:1604)\r\n\tat org.junit.platform.engine.support.hierarchical.SameThreadHierarchicalTestExecutorService.invokeAll(SameThreadHierarchicalTestExecutorService.java:41)\r\n\tat org.junit.platform.engine.support.hierarchical.NodeTestTask.lambda$executeRecursively$6(NodeTestTask.java:155)\r\n\tat org.junit.platform.engine.support.hierarchical.ThrowableCollector.execute(ThrowableCollector.java:73)\r\n\tat org.junit.platform.engine.support.hierarchical.NodeTestTask.lambda$executeRecursively$8(NodeTestTask.java:141)\r\n\tat org.junit.platform.engine.support.hierarchical.Node.around(Node.java:137)\r\n\tat org.junit.platform.engine.support.hierarchical.NodeTestTask.lambda$executeRecursively$9(NodeTestTask.java:139)\r\n\tat org.junit.platform.engine.support.hierarchical.ThrowableCollector.execute(ThrowableCollector.java:73)\r\n\tat org.junit.platform.engine.support.hierarchical.NodeTestTask.executeRecursively(NodeTestTask.java:138)\r\n\tat org.junit.platform.engine.support.hierarchical.NodeTestTask.execute(NodeTestTask.java:95)\r\n\tat java.base/java.util.ArrayList.forEach(ArrayList.java:1604)\r\n\tat org.junit.platform.engine.support.hierarchical.SameThreadHierarchicalTestExecutorService.invokeAll(SameThreadHierarchicalTestExecutorService.java:41)\r\n\tat org.junit.platform.engine.support.hierarchical.NodeTestTask.lambda$executeRecursively$6(NodeTestTask.java:155)\r\n\tat org.junit.platform.engine.support.hierarchical.ThrowableCollector.execute(ThrowableCollector.java:73)\r\n\tat org.junit.platform.engine.support.hierarchical.NodeTestTask.lambda$executeRecursively$8(NodeTestTask.java:141)\r\n\tat org.junit.platform.engine.support.hierarchical.Node.around(Node.java:137)\r\n\tat org.junit.platform.engine.support.hierarchical.NodeTestTask.lambda$executeRecursively$9(NodeTestTask.java:139)\r\n\tat org.junit.platform.engine.support.hierarchical.ThrowableCollector.execute(ThrowableCollector.java:73)\r\n\tat org.junit.platform.engine.support.hierarchical.NodeTestTask.executeRecursively(NodeTestTask.java:138)\r\n\tat org.junit.platform.engine.support.hierarchical.NodeTestTask.execute(NodeTestTask.java:95)\r\n\tat org.junit.platform.engine.support.hierarchical.SameThreadHierarchicalTestExecutorService.submit(SameThreadHierarchicalTestExecutorService.java:35)\r\n\tat org.junit.platform.engine.support.hierarchical.HierarchicalTestExecutor.execute(HierarchicalTestExecutor.java:57)\r\n\tat org.junit.platform.engine.support.hierarchical.HierarchicalTestEngine.execute(HierarchicalTestEngine.java:54)\r\n\tat org.junit.platform.launcher.core.EngineExecutionOrchestrator.execute(EngineExecutionOrchestrator.java:107)\r\n\tat org.junit.platform.launcher.core.EngineExecutionOrchestrator.execute(EngineExecutionOrchestrator.java:88)\r\n\tat org.junit.platform.launcher.core.EngineExecutionOrchestrator.lambda$execute$0(EngineExecutionOrchestrator.java:54)\r\n\tat org.junit.platform.launcher.core.EngineExecutionOrchestrator.withInterceptedStreams(EngineExecutionOrchestrator.java:67)\r\n\tat org.junit.platform.launcher.core.EngineExecutionOrchestrator.execute(EngineExecutionOrchestrator.java:52)\r\n\tat org.junit.platform.launcher.core.DefaultLauncher.execute(DefaultLauncher.java:114)\r\n\tat org.junit.platform.launcher.core.DefaultLauncher.execute(DefaultLauncher.java:86)\r\n\tat org.junit.platform.launcher.core.DefaultLauncherSession$DelegatingLauncher.execute(DefaultLauncherSession.java:86)\r\n\tat org.apache.maven.surefire.junitplatform.LazyLauncher.execute(LazyLauncher.java:56)\r\n\tat org.apache.maven.surefire.junitplatform.JUnitPlatformProvider.execute(JUnitPlatformProvider.java:184)\r\n\tat org.apache.maven.surefire.junitplatform.JUnitPlatformProvider.invokeAllTests(JUnitPlatformProvider.java:148)\r\n\tat org.apache.maven.surefire.junitplatform.JUnitPlatformProvider.invoke(JUnitPlatformProvider.java:122)\r\n\tat org.apache.maven.surefire.booter.ForkedBooter.runSuitesInProcess(ForkedBooter.java:385)\r\n\tat org.apache.maven.surefire.booter.ForkedBooter.execute(ForkedBooter.java:162)\r\n\tat org.apache.maven.surefire.booter.ForkedBooter.run(ForkedBooter.java:507)\r\n\tat org.apache.maven.surefire.booter.ForkedBooter.main(ForkedBooter.java:495)\r\nCaused by: com.microsoft.playwright.impl.DriverException: Error {\n  message='net::ERR_ABORTED; maybe frame was detached?\n  name='Error\n  stack='Error: net::ERR_ABORTED; maybe frame was detached?\n    at FrameManager.frameAbortedNavigation (C:\\Users\\mati2\\AppData\\Local\\Temp\\playwright-java-6462207781710147394\\package\\lib\\server\\frames.js:216:14)\n    at FrameManager.requestFailed (C:\\Users\\mati2\\AppData\\Local\\Temp\\playwright-java-6462207781710147394\\package\\lib\\server\\frames.js:276:12)\n    at CRNetworkManager._onLoadingFailed (C:\\Users\\mati2\\AppData\\Local\\Temp\\playwright-java-6462207781710147394\\package\\lib\\server\\chromium\\crNetworkManager.js:511:134)\n    at CRSession.emit (node:events:518:28)\n    at C:\\Users\\mati2\\AppData\\Local\\Temp\\playwright-java-6462207781710147394\\package\\lib\\server\\chromium\\crConnection.js:160:14\n}\nCall log:\n- navigating to \"https://practice.expandtesting.com/dropdown\", waiting until \"load\"\n\r\n\tat com.microsoft.playwright.impl.Connection.dispatch(Connection.java:259)\r\n\tat com.microsoft.playwright.impl.Connection.processOneMessage(Connection.java:211)\r\n\tat com.microsoft.playwright.impl.ChannelOwner.runUntil(ChannelOwner.java:118)\r\n\t... 82 more\r\n"},"stage":"finished","description":"","steps":[],"attachments":[],"parameters":[],"start":1754471203192,"stop":1754471221825}