{"uuid":"fb0e53b8-defa-498a-aa5d-27786a9609a5","historyId":"a1dc61acc355957a29edcd3488559c70","testCaseId":"[engine:junit-jupiter]/[class:pw.mlaszczyk.automation.tests.runners.loginTestWithInvalidUserName]/[method:loginWithInvalidUerNameAndVerify()]","testCaseName":"loginWithInvalidUerNameAndVerify()","fullName":"pw.mlaszczyk.automation.tests.runners.loginTestWithInvalidUserName.loginWithInvalidUerNameAndVerify","labels":[{"name":"junit.platform.uniqueid","value":"[engine:junit-jupiter]/[class:pw.mlaszczyk.automation.tests.runners.loginTestWithInvalidUserName]/[method:loginWithInvalidUerNameAndVerify()]"},{"name":"host","value":"Mateusz"},{"name":"thread","value":"24668@Mateusz.main(3)"},{"name":"framework","value":"junit-platform"},{"name":"language","value":"java"},{"name":"package","value":"pw.mlaszczyk.automation.tests.runners.loginTestWithInvalidUserName"},{"name":"testClass","value":"pw.mlaszczyk.automation.tests.runners.loginTestWithInvalidUserName"},{"name":"testMethod","value":"loginWithInvalidUerNameAndVerify"},{"name":"suite","value":"pw.mlaszczyk.automation.tests.runners.loginTestWithInvalidUserName"}],"links":[],"name":"loginWithInvalidUerNameAndVerify()","status":"broken","statusDetails":{"known":false,"muted":false,"flaky":false,"message":"Error {\n  message='value: expected string, got undefined\n  name='Error\n  stack='Error: value: expected string, got undefined\n    at tString (C:\\Users\\mati2\\AppData\\Local\\Temp\\playwright-java-1269016520937525615\\package\\lib\\protocol\\validatorPrimitives.js:59:9)\n    at C:\\Users\\mati2\\AppData\\Local\\Temp\\playwright-java-1269016520937525615\\package\\lib\\protocol\\validatorPrimitives.js:108:21\n    at DispatcherConnection.dispatch (C:\\Users\\mati2\\AppData\\Local\\Temp\\playwright-java-1269016520937525615\\package\\lib\\server\\dispatchers\\dispatcher.js:235:21)\n    at transport.onmessage (C:\\Users\\mati2\\AppData\\Local\\Temp\\playwright-java-1269016520937525615\\package\\lib\\cli\\driver.js:52:57)\n    at Immediate._onImmediate (C:\\Users\\mati2\\AppData\\Local\\Temp\\playwright-java-1269016520937525615\\package\\lib\\protocol\\transport.js:77:34)\n    at process.processImmediate (node:internal/timers:476:21)\n}","trace":"com.microsoft.playwright.PlaywrightException: Error {\n  message='value: expected string, got undefined\n  name='Error\n  stack='Error: value: expected string, got undefined\n    at tString (C:\\Users\\mati2\\AppData\\Local\\Temp\\playwright-java-1269016520937525615\\package\\lib\\protocol\\validatorPrimitives.js:59:9)\n    at C:\\Users\\mati2\\AppData\\Local\\Temp\\playwright-java-1269016520937525615\\package\\lib\\protocol\\validatorPrimitives.js:108:21\n    at DispatcherConnection.dispatch (C:\\Users\\mati2\\AppData\\Local\\Temp\\playwright-java-1269016520937525615\\package\\lib\\server\\dispatchers\\dispatcher.js:235:21)\n    at transport.onmessage (C:\\Users\\mati2\\AppData\\Local\\Temp\\playwright-java-1269016520937525615\\package\\lib\\cli\\driver.js:52:57)\n    at Immediate._onImmediate (C:\\Users\\mati2\\AppData\\Local\\Temp\\playwright-java-1269016520937525615\\package\\lib\\protocol\\transport.js:77:34)\n    at process.processImmediate (node:internal/timers:476:21)\n}\r\n\tat com.microsoft.playwright.impl.WaitableResult.get(WaitableResult.java:54)\r\n\tat com.microsoft.playwright.impl.ChannelOwner.runUntil(ChannelOwner.java:111)\r\n\tat com.microsoft.playwright.impl.Connection.sendMessage(Connection.java:126)\r\n\tat com.microsoft.playwright.impl.ChannelOwner.sendMessage(ChannelOwner.java:102)\r\n\tat com.microsoft.playwright.impl.FrameImpl.fillImpl(FrameImpl.java:335)\r\n\tat com.microsoft.playwright.impl.FrameImpl.lambda$fill$14(FrameImpl.java:325)\r\n\tat com.microsoft.playwright.impl.LoggingSupport.lambda$withLogging$0(LoggingSupport.java:36)\r\n\tat com.microsoft.playwright.impl.LoggingSupport.withLogging(LoggingSupport.java:47)\r\n\tat com.microsoft.playwright.impl.ChannelOwner.withLogging(ChannelOwner.java:87)\r\n\tat com.microsoft.playwright.impl.LoggingSupport.withLogging(LoggingSupport.java:35)\r\n\tat com.microsoft.playwright.impl.FrameImpl.fill(FrameImpl.java:325)\r\n\tat com.microsoft.playwright.impl.LocatorImpl.fill(LocatorImpl.java:210)\r\n\tat com.microsoft.playwright.Locator.fill(Locator.java:2885)\r\n\tat pw.mlaszczyk.automation.pages.pages.loginPage.loginWithInvalidUserNameAndVerify(loginPage.java:46)\r\n\tat pw.mlaszczyk.automation.tests.runners.loginTestWithInvalidUserName.loginWithInvalidUerNameAndVerify(loginTestWithInvalidUserName.java:49)\r\n\tat java.base/jdk.internal.reflect.DirectMethodHandleAccessor.invoke(DirectMethodHandleAccessor.java:104)\r\n\tat java.base/java.lang.reflect.Method.invoke(Method.java:565)\r\n\tat org.junit.platform.commons.util.ReflectionUtils.invokeMethod(ReflectionUtils.java:727)\r\n\tat org.junit.jupiter.engine.execution.MethodInvocation.proceed(MethodInvocation.java:60)\r\n\tat org.junit.jupiter.engine.execution.InvocationInterceptorChain$ValidatingInvocation.proceed(InvocationInterceptorChain.java:131)\r\n\tat org.junit.jupiter.engine.extension.TimeoutExtension.intercept(TimeoutExtension.java:156)\r\n\tat org.junit.jupiter.engine.extension.TimeoutExtension.interceptTestableMethod(TimeoutExtension.java:147)\r\n\tat org.junit.jupiter.engine.extension.TimeoutExtension.interceptTestMethod(TimeoutExtension.java:86)\r\n\tat org.junit.jupiter.engine.execution.InterceptingExecutableInvoker$ReflectiveInterceptorCall.lambda$ofVoidMethod$0(InterceptingExecutableInvoker.java:103)\r\n\tat org.junit.jupiter.engine.execution.InterceptingExecutableInvoker.lambda$invoke$0(InterceptingExecutableInvoker.java:93)\r\n\tat org.junit.jupiter.engine.execution.InvocationInterceptorChain$InterceptedInvocation.proceed(InvocationInterceptorChain.java:106)\r\n\tat org.junit.jupiter.engine.execution.InvocationInterceptorChain.proceed(InvocationInterceptorChain.java:64)\r\n\tat org.junit.jupiter.engine.execution.InvocationInterceptorChain.chainAndInvoke(InvocationInterceptorChain.java:45)\r\n\tat org.junit.jupiter.engine.execution.InvocationInterceptorChain.invoke(InvocationInterceptorChain.java:37)\r\n\tat org.junit.jupiter.engine.execution.InterceptingExecutableInvoker.invoke(InterceptingExecutableInvoker.java:92)\r\n\tat org.junit.jupiter.engine.execution.InterceptingExecutableInvoker.invoke(InterceptingExecutableInvoker.java:86)\r\n\tat org.junit.jupiter.engine.descriptor.TestMethodTestDescriptor.lambda$invokeTestMethod$7(TestMethodTestDescriptor.java:217)\r\n\tat org.junit.platform.engine.support.hierarchical.ThrowableCollector.execute(ThrowableCollector.java:73)\r\n\tat org.junit.jupiter.engine.descriptor.TestMethodTestDescriptor.invokeTestMethod(TestMethodTestDescriptor.java:213)\r\n\tat org.junit.jupiter.engine.descriptor.TestMethodTestDescriptor.execute(TestMethodTestDescriptor.java:138)\r\n\tat org.junit.jupiter.engine.descriptor.TestMethodTestDescriptor.execute(TestMethodTestDescriptor.java:68)\r\n\tat org.junit.platform.engine.support.hierarchical.NodeTestTask.lambda$executeRecursively$6(NodeTestTask.java:151)\r\n\tat org.junit.platform.engine.support.hierarchical.ThrowableCollector.execute(ThrowableCollector.java:73)\r\n\tat org.junit.platform.engine.support.hierarchical.NodeTestTask.lambda$executeRecursively$8(NodeTestTask.java:141)\r\n\tat org.junit.platform.engine.support.hierarchical.Node.around(Node.java:137)\r\n\tat org.junit.platform.engine.support.hierarchical.NodeTestTask.lambda$executeRecursively$9(NodeTestTask.java:139)\r\n\tat org.junit.platform.engine.support.hierarchical.ThrowableCollector.execute(ThrowableCollector.java:73)\r\n\tat org.junit.platform.engine.support.hierarchical.NodeTestTask.executeRecursively(NodeTestTask.java:138)\r\n\tat org.junit.platform.engine.support.hierarchical.NodeTestTask.execute(NodeTestTask.java:95)\r\n\tat java.base/java.util.ArrayList.forEach(ArrayList.java:1604)\r\n\tat org.junit.platform.engine.support.hierarchical.SameThreadHierarchicalTestExecutorService.invokeAll(SameThreadHierarchicalTestExecutorService.java:41)\r\n\tat org.junit.platform.engine.support.hierarchical.NodeTestTask.lambda$executeRecursively$6(NodeTestTask.java:155)\r\n\tat org.junit.platform.engine.support.hierarchical.ThrowableCollector.execute(ThrowableCollector.java:73)\r\n\tat org.junit.platform.engine.support.hierarchical.NodeTestTask.lambda$executeRecursively$8(NodeTestTask.java:141)\r\n\tat org.junit.platform.engine.support.hierarchical.Node.around(Node.java:137)\r\n\tat org.junit.platform.engine.support.hierarchical.NodeTestTask.lambda$executeRecursively$9(NodeTestTask.java:139)\r\n\tat org.junit.platform.engine.support.hierarchical.ThrowableCollector.execute(ThrowableCollector.java:73)\r\n\tat org.junit.platform.engine.support.hierarchical.NodeTestTask.executeRecursively(NodeTestTask.java:138)\r\n\tat org.junit.platform.engine.support.hierarchical.NodeTestTask.execute(NodeTestTask.java:95)\r\n\tat java.base/java.util.ArrayList.forEach(ArrayList.java:1604)\r\n\tat org.junit.platform.engine.support.hierarchical.SameThreadHierarchicalTestExecutorService.invokeAll(SameThreadHierarchicalTestExecutorService.java:41)\r\n\tat org.junit.platform.engine.support.hierarchical.NodeTestTask.lambda$executeRecursively$6(NodeTestTask.java:155)\r\n\tat org.junit.platform.engine.support.hierarchical.ThrowableCollector.execute(ThrowableCollector.java:73)\r\n\tat org.junit.platform.engine.support.hierarchical.NodeTestTask.lambda$executeRecursively$8(NodeTestTask.java:141)\r\n\tat org.junit.platform.engine.support.hierarchical.Node.around(Node.java:137)\r\n\tat org.junit.platform.engine.support.hierarchical.NodeTestTask.lambda$executeRecursively$9(NodeTestTask.java:139)\r\n\tat org.junit.platform.engine.support.hierarchical.ThrowableCollector.execute(ThrowableCollector.java:73)\r\n\tat org.junit.platform.engine.support.hierarchical.NodeTestTask.executeRecursively(NodeTestTask.java:138)\r\n\tat org.junit.platform.engine.support.hierarchical.NodeTestTask.execute(NodeTestTask.java:95)\r\n\tat org.junit.platform.engine.support.hierarchical.SameThreadHierarchicalTestExecutorService.submit(SameThreadHierarchicalTestExecutorService.java:35)\r\n\tat org.junit.platform.engine.support.hierarchical.HierarchicalTestExecutor.execute(HierarchicalTestExecutor.java:57)\r\n\tat org.junit.platform.engine.support.hierarchical.HierarchicalTestEngine.execute(HierarchicalTestEngine.java:54)\r\n\tat org.junit.platform.launcher.core.EngineExecutionOrchestrator.execute(EngineExecutionOrchestrator.java:147)\r\n\tat org.junit.platform.launcher.core.EngineExecutionOrchestrator.execute(EngineExecutionOrchestrator.java:127)\r\n\tat org.junit.platform.launcher.core.EngineExecutionOrchestrator.execute(EngineExecutionOrchestrator.java:90)\r\n\tat org.junit.platform.launcher.core.EngineExecutionOrchestrator.lambda$execute$0(EngineExecutionOrchestrator.java:55)\r\n\tat org.junit.platform.launcher.core.EngineExecutionOrchestrator.withInterceptedStreams(EngineExecutionOrchestrator.java:102)\r\n\tat org.junit.platform.launcher.core.EngineExecutionOrchestrator.execute(EngineExecutionOrchestrator.java:54)\r\n\tat org.junit.platform.launcher.core.DefaultLauncher.execute(DefaultLauncher.java:114)\r\n\tat org.junit.platform.launcher.core.DefaultLauncher.execute(DefaultLauncher.java:86)\r\n\tat org.junit.platform.launcher.core.DefaultLauncherSession$DelegatingLauncher.execute(DefaultLauncherSession.java:86)\r\n\tat org.junit.platform.launcher.core.SessionPerRequestLauncher.execute(SessionPerRequestLauncher.java:53)\r\n\tat com.intellij.junit5.JUnit5IdeaTestRunner.startRunnerWithArgs(JUnit5IdeaTestRunner.java:66)\r\n\tat com.intellij.rt.junit.IdeaTestRunner$Repeater$1.execute(IdeaTestRunner.java:38)\r\n\tat com.intellij.rt.execution.junit.TestsRepeater.repeat(TestsRepeater.java:11)\r\n\tat com.intellij.rt.junit.IdeaTestRunner$Repeater.startRunnerWithArgs(IdeaTestRunner.java:35)\r\n\tat com.intellij.rt.junit.JUnitStarter.prepareStreamsAndStart(JUnitStarter.java:231)\r\n\tat com.intellij.rt.junit.JUnitStarter.main(JUnitStarter.java:55)\r\nCaused by: com.microsoft.playwright.impl.DriverException: Error {\n  message='value: expected string, got undefined\n  name='Error\n  stack='Error: value: expected string, got undefined\n    at tString (C:\\Users\\mati2\\AppData\\Local\\Temp\\playwright-java-1269016520937525615\\package\\lib\\protocol\\validatorPrimitives.js:59:9)\n    at C:\\Users\\mati2\\AppData\\Local\\Temp\\playwright-java-1269016520937525615\\package\\lib\\protocol\\validatorPrimitives.js:108:21\n    at DispatcherConnection.dispatch (C:\\Users\\mati2\\AppData\\Local\\Temp\\playwright-java-1269016520937525615\\package\\lib\\server\\dispatchers\\dispatcher.js:235:21)\n    at transport.onmessage (C:\\Users\\mati2\\AppData\\Local\\Temp\\playwright-java-1269016520937525615\\package\\lib\\cli\\driver.js:52:57)\n    at Immediate._onImmediate (C:\\Users\\mati2\\AppData\\Local\\Temp\\playwright-java-1269016520937525615\\package\\lib\\protocol\\transport.js:77:34)\n    at process.processImmediate (node:internal/timers:476:21)\n}\r\n\tat com.microsoft.playwright.impl.Connection.dispatch(Connection.java:226)\r\n\tat com.microsoft.playwright.impl.Connection.processOneMessage(Connection.java:206)\r\n\tat com.microsoft.playwright.impl.ChannelOwner.runUntil(ChannelOwner.java:109)\r\n\t... 81 more\r\n"},"stage":"finished","description":"","steps":[],"attachments":[],"parameters":[],"start":1754577938202,"stop":1754577938925}